2025-03-16 21:30:46,050 - INFO - \U0001f504 Starting Preprocessing Pipeline...
2025-03-16 21:30:46,050 - ERROR - \u274c Error in preprocessing: [Errno 2] No such file or directory: 'c:\\Users\\ykumar\\Learnbay\\IMAGOAI\\data/MLE-Assignment.csv'
2025-03-16 21:30:46,050 - INFO - \U0001f3af Preprocessing Pipeline Completed.
2025-03-16 21:34:02,835 - INFO - \U0001f504 Starting Preprocessing Pipeline...
2025-03-16 21:34:02,835 - ERROR - \u274c Error in preprocessing: [Errno 2] No such file or directory: 'c:\\Users\\ykumar\\Learnbay\\IMAGOAI\\data/MLE-Assignment.csv'
2025-03-16 21:34:02,852 - INFO - \U0001f3af Preprocessing Pipeline Completed.
2025-03-16 21:35:53,633 - INFO - \U0001f504 Starting Preprocessing Pipeline...
2025-03-16 21:35:53,681 - INFO - \u2705 Loaded dataset: 500 rows, 450 columns.
2025-03-16 21:35:53,682 - INFO - \U0001f50d After removing missing values: 500 rows.
2025-03-16 21:35:53,683 - ERROR - \u274c Error in preprocessing: unsupported operand type(s) for -: 'str' and 'str'
2025-03-16 21:35:53,683 - INFO - \U0001f3af Preprocessing Pipeline Completed.
2025-03-16 21:38:41,655 - INFO - \U0001f504 Starting Preprocessing Pipeline...
2025-03-16 21:38:41,670 - ERROR - \u274c Error in preprocessing: \u274c Data file not found: c:\Users\ykumar\Learnbay\IMAGOAI\data\MLE-Assignment.csv
2025-03-16 21:38:41,670 - INFO - \U0001f3af Preprocessing Pipeline Completed.
2025-03-16 21:45:06,818 - INFO - \U0001f504 Starting Preprocessing Pipeline...
2025-03-16 21:45:06,850 - INFO - \u2705 Loaded dataset: 500 rows, 450 columns.
2025-03-16 21:45:06,850 - INFO - \U0001f50d After removing missing values: 500 rows.
2025-03-16 21:45:06,850 - ERROR - \u274c Error in preprocessing: unsupported operand type(s) for -: 'str' and 'str'
2025-03-16 21:45:06,850 - INFO - \U0001f3af Preprocessing Pipeline Completed.
2025-03-17 07:31:20,480 - INFO - \U0001f504 Starting Preprocessing Pipeline...
2025-03-17 07:31:20,480 - INFO - \U0001f680 Starting FastAPI server...
2025-03-17 07:31:20,496 - INFO - \u2705 Model loaded successfully.
2025-03-17 07:33:22,741 - ERROR - \u274c Prediction error: 449 columns passed, passed data had 320 columns
2025-03-17 07:37:20,067 - INFO - \U0001f504 Starting Preprocessing Pipeline...
2025-03-17 07:39:34,915 - INFO - \U0001f504 Starting Preprocessing Pipeline...
2025-03-17 07:40:37,063 - INFO - \U0001f50d After removing missing values: 1 rows.
2025-03-17 07:40:37,063 - INFO - \U0001f4c9 Removed 0 outliers using iqr method.
2025-03-17 07:40:37,097 - INFO - \u2705 Computed NDVI and SR spectral indices.
2025-03-17 07:42:43,281 - INFO - \U0001f504 Starting Preprocessing Pipeline...
2025-03-17 07:42:43,339 - INFO - \U0001f504 Starting Preprocessing Pipeline...
2025-03-17 07:43:31,432 - INFO - \U0001f504 Starting Preprocessing Pipeline...
2025-03-17 07:44:15,838 - INFO - \U0001f50d After removing missing values: 1 rows.
2025-03-17 07:44:15,838 - INFO - \U0001f4c9 Removed 0 outliers using iqr method.
2025-03-17 07:44:15,871 - INFO - \u2705 Computed NDVI and SR spectral indices.
2025-03-17 07:44:24,134 - INFO - \U0001f50d After removing missing values: 1 rows.
2025-03-17 07:44:24,134 - INFO - \U0001f4c9 Removed 0 outliers using iqr method.
2025-03-17 07:44:24,176 - INFO - \u2705 Computed NDVI and SR spectral indices.
2025-03-17 07:46:18,154 - INFO - \U0001f504 Starting Preprocessing Pipeline...
2025-03-17 07:46:18,154 - INFO - \U0001f504 Starting Preprocessing Pipeline...
2025-03-17 07:46:18,154 - INFO - \U0001f504 Starting Preprocessing Pipeline...
2025-03-17 07:54:14,529 - INFO - \U0001f504 Starting Preprocessing Pipeline...
2025-03-17 07:55:07,965 - INFO - \U0001f50d After removing missing values: 1 rows.
2025-03-17 07:55:07,968 - INFO - \U0001f4c9 Removed 0 outliers using iqr method.
2025-03-17 07:55:08,002 - INFO - \u2705 Computed NDVI and SR spectral indices.
2025-03-17 07:57:05,501 - INFO - \U0001f504 Starting Preprocessing Pipeline...
2025-03-17 07:57:38,603 - INFO - \U0001f504 Starting Preprocessing Pipeline...
2025-03-17 07:58:33,152 - INFO - \U0001f504 Starting Preprocessing Pipeline...
2025-03-17 07:58:51,916 - INFO - \U0001f50d After removing missing values: 1 rows.
2025-03-17 07:58:51,916 - INFO - \U0001f4c9 Removed 0 outliers using iqr method.
2025-03-17 07:58:52,034 - INFO - \u2705 Computed NDVI and SR spectral indices.
2025-03-17 07:58:52,081 - INFO - \u2705 Applied feature scaling using standard method.
2025-03-17 07:58:52,281 - INFO - \U0001f4cc Feature selection using SHAP reduced from 321 to 50 features.
2025-03-17 08:05:44,813 - INFO - \U0001f504 Starting Preprocessing Pipeline...
2025-03-17 08:06:08,995 - INFO - \U0001f504 Starting Preprocessing Pipeline...
2025-03-17 08:06:18,570 - INFO - \U0001f50d After removing missing values: 1 rows.
2025-03-17 08:06:18,586 - INFO - \U0001f4c9 Removed 0 outliers using iqr method.
2025-03-17 08:06:18,759 - INFO - \u2705 Computed NDVI and SR spectral indices.
2025-03-17 08:06:18,805 - INFO - \u2705 Applied feature scaling using standard method.
2025-03-17 08:06:19,037 - INFO - \U0001f4cc Feature selection using SHAP reduced from 321 to 49 features.
2025-03-17 08:11:47,369 - INFO - \U0001f504 Starting Preprocessing Pipeline...
2025-03-17 08:11:56,873 - INFO - \U0001f504 Starting Preprocessing Pipeline...
2025-03-17 08:12:31,964 - INFO - \U0001f504 Starting Preprocessing Pipeline...
2025-03-17 08:22:16,581 - INFO - \U0001f504 Starting Preprocessing Pipeline...
2025-03-17 08:22:23,292 - INFO - \U0001f504 Starting Preprocessing Pipeline...
2025-03-17 08:22:43,606 - INFO - \U0001f504 Starting Preprocessing Pipeline...
2025-03-17 08:22:53,006 - INFO - \U0001f50d After removing missing values: 1 rows.
2025-03-17 08:22:53,010 - INFO - \U0001f4c9 Removed 0 outliers using iqr method.
2025-03-17 08:22:53,028 - INFO - \u2705 Computed NDVI and SR spectral indices.
2025-03-17 08:22:53,061 - INFO - \u2705 Applied feature scaling using standard method.
2025-03-17 08:22:53,161 - INFO - \U0001f4cc Feature selection using SHAP reduced from 321 to 49 features.
2025-03-17 08:25:40,526 - INFO - \U0001f504 Starting Preprocessing Pipeline...
2025-03-17 08:25:40,574 - INFO - \u2705 Loaded dataset: 500 rows, 450 columns.
2025-03-17 08:25:40,578 - INFO - \U0001f50d After removing missing values: 500 rows.
2025-03-17 08:25:40,578 - INFO - \U0001f4c9 Removed 36 outliers using iqr method.
2025-03-17 08:25:40,611 - INFO - \u2705 Computed NDVI and SR spectral indices.
2025-03-17 08:25:40,641 - INFO - \u2705 Applied feature scaling using standard method.
2025-03-17 08:25:50,762 - INFO - \U0001f4cc Feature selection using SHAP reduced from 450 to 50 features.
2025-03-17 08:25:50,818 - INFO - \u2705 Preprocessing complete! Data saved in c:\Users\ykumar\Learnbay\IMAGOAI\data/processed
2025-03-17 08:34:55,846 - INFO - \U0001f504 Starting Preprocessing Pipeline...
2025-03-17 08:35:31,052 - INFO - \U0001f504 Starting Preprocessing Pipeline...
2025-03-17 08:35:51,619 - INFO - \U0001f50d After removing missing values: 1 rows.
2025-03-17 08:35:51,620 - INFO - \U0001f4c9 Removed 0 outliers using iqr method.
2025-03-17 08:35:51,650 - INFO - \u2705 Computed NDVI and SR spectral indices.
2025-03-17 08:35:51,684 - INFO - \u2705 Applied feature scaling using standard method.
2025-03-17 08:35:51,784 - INFO - \U0001f4cc Feature selection using SHAP reduced from 321 to 49 features.
2025-03-17 08:36:55,680 - INFO - \U0001f50d After removing missing values: 1 rows.
2025-03-17 08:36:55,680 - INFO - \U0001f4c9 Removed 0 outliers using iqr method.
2025-03-17 08:36:55,763 - INFO - \u2705 Computed NDVI and SR spectral indices.
2025-03-17 08:36:55,880 - INFO - \u2705 Applied feature scaling using standard method.
2025-03-17 08:36:56,180 - INFO - \U0001f4cc Feature selection using SHAP reduced from 321 to 49 features.
2025-03-17 08:39:44,200 - INFO - \U0001f504 Starting Preprocessing Pipeline...
2025-03-17 08:40:24,408 - INFO - \U0001f504 Starting Preprocessing Pipeline...
2025-03-17 08:40:40,458 - INFO - \U0001f50d After removing missing values: 1 rows.
2025-03-17 08:40:40,468 - INFO - \U0001f4c9 Removed 0 outliers using iqr method.
2025-03-17 08:40:40,517 - INFO - \u2705 Computed NDVI and SR spectral indices.
2025-03-17 08:40:40,584 - INFO - \u2705 Applied feature scaling using standard method.
2025-03-17 08:40:40,801 - INFO - \U0001f4cc Feature selection using SHAP reduced from 321 to 49 features.
2025-03-17 08:49:46,230 - INFO - \U0001f504 Starting Preprocessing Pipeline...
2025-03-17 08:50:12,599 - INFO - \U0001f504 Starting Preprocessing Pipeline...
2025-03-17 09:00:49,739 - INFO - \U0001f504 Starting Preprocessing Pipeline...
2025-03-17 09:01:09,812 - INFO - \U0001f504 Starting Preprocessing Pipeline...
2025-03-17 09:01:20,118 - INFO - \U0001f50d After removing missing values: 1 rows.
2025-03-17 09:01:20,118 - INFO - \U0001f4c9 Removed 0 outliers using iqr method.
2025-03-17 09:01:20,152 - INFO - \u2705 Computed NDVI and SR spectral indices.
2025-03-17 09:01:20,185 - INFO - \u2705 Applied feature scaling using standard method.
2025-03-17 09:01:20,322 - INFO - \U0001f4cc Feature selection using SHAP reduced from 307 to 49 features.
2025-03-17 09:05:26,544 - INFO - \U0001f50d After removing missing values: 1 rows.
2025-03-17 09:05:26,556 - INFO - \U0001f4c9 Removed 0 outliers using iqr method.
2025-03-17 09:05:26,662 - INFO - \u2705 Computed NDVI and SR spectral indices.
2025-03-17 09:05:26,789 - INFO - \u2705 Applied feature scaling using standard method.
2025-03-17 09:05:27,087 - INFO - \U0001f4cc Feature selection using SHAP reduced from 331 to 49 features.
